This is pdfTeX, Version 3.14159265-2.6-1.40.15 (MiKTeX 2.9) (preloaded format=pdflatex 2015.5.13)  13 JUN 2015 17:21
entering extended mode
**BAC1.tex
(BAC1.tex
LaTeX2e <2015/01/01>
Babel <3.9l> and hyphenation patterns for 69 languages loaded.
("C:\Program Files (x86)\MiKTeX 2.9\tex\latex\base\report.cls"
Document Class: report 2014/09/29 v1.4h Standard LaTeX document class
("C:\Program Files (x86)\MiKTeX 2.9\tex\latex\base\size12.clo"
File: size12.clo 2014/09/29 v1.4h Standard LaTeX file (size option)
)
\c@part=\count79
\c@chapter=\count80
\c@section=\count81
\c@subsection=\count82
\c@subsubsection=\count83
\c@paragraph=\count84
\c@subparagraph=\count85
\c@figure=\count86
\c@table=\count87
\abovecaptionskip=\skip41
\belowcaptionskip=\skip42
\bibindent=\dimen102
)
("C:\Program Files (x86)\MiKTeX 2.9\tex\latex\base\inputenc.sty"
Package: inputenc 2015/03/17 v1.2c Input encoding file
\inpenc@prehook=\toks14
\inpenc@posthook=\toks15

("C:\Program Files (x86)\MiKTeX 2.9\tex\latex\base\latin1.def"
File: latin1.def 2015/03/17 v1.2c Input encoding file
))
("C:\Program Files (x86)\MiKTeX 2.9\tex\latex\graphics\graphicx.sty"
Package: graphicx 2014/10/28 v1.0g Enhanced LaTeX Graphics (DPC,SPQR)

("C:\Program Files (x86)\MiKTeX 2.9\tex\latex\graphics\keyval.sty"
Package: keyval 2014/10/28 v1.15 key=value parser (DPC)
\KV@toks@=\toks16
)
("C:\Program Files (x86)\MiKTeX 2.9\tex\latex\graphics\graphics.sty"
Package: graphics 2014/10/28 v1.0p Standard LaTeX Graphics (DPC,SPQR)

("C:\Program Files (x86)\MiKTeX 2.9\tex\latex\graphics\trig.sty"
Package: trig 1999/03/16 v1.09 sin cos tan (DPC)
)
("C:\Program Files (x86)\MiKTeX 2.9\tex\latex\00miktex\graphics.cfg"
File: graphics.cfg 2007/01/18 v1.5 graphics configuration of teTeX/TeXLive
)
Package graphics Info: Driver file: pdftex.def on input line 94.

("C:\Program Files (x86)\MiKTeX 2.9\tex\latex\pdftex-def\pdftex.def"
File: pdftex.def 2011/05/27 v0.06d Graphics/color for pdfTeX

("C:\Program Files (x86)\MiKTeX 2.9\tex\generic\oberdiek\infwarerr.sty"
Package: infwarerr 2010/04/08 v1.3 Providing info/warning/error messages (HO)
)
("C:\Program Files (x86)\MiKTeX 2.9\tex\generic\oberdiek\ltxcmds.sty"
Package: ltxcmds 2011/11/09 v1.22 LaTeX kernel commands for general use (HO)
)
\Gread@gobject=\count88
))
\Gin@req@height=\dimen103
\Gin@req@width=\dimen104
)
("C:\Program Files (x86)\MiKTeX 2.9\tex\latex\float\float.sty"
Package: float 2001/11/08 v1.3d Float enhancements (AL)
\c@float@type=\count89
\float@exts=\toks17
\float@box=\box26
\@float@everytoks=\toks18
\@floatcapt=\box27
)
("C:\Program Files (x86)\MiKTeX 2.9\tex\latex\babel\babel.sty"
Package: babel 2014/09/25 3.9l The Babel package

*************************************
* Local config file bblopts.cfg used
*
("C:\Program Files (x86)\MiKTeX 2.9\tex\latex\00miktex\bblopts.cfg"
File: bblopts.cfg 2006/07/31 v1.0 MiKTeX 'babel' configuration
)
("C:\Program Files (x86)\MiKTeX 2.9\tex\latex\babel-german\german.ldf"
Language: german 2014/10/10 v2.7b German support for babel (traditional orthogr
aphy)

("C:\Program Files (x86)\MiKTeX 2.9\tex\latex\babel-german\germanb.ldf"
Language: germanb 2014/10/10 v2.7b German support for babel (traditional orthog
raphy)

("C:\Program Files (x86)\MiKTeX 2.9\tex\latex\babel\babel.def"
File: babel.def 2014/09/25 3.9l Babel common definitions
\babel@savecnt=\count90
\U@D=\dimen105
)
\l@austrian = a dialect from \language\l@german 
Package babel Info: Making " an active character on input line 110.
))
("C:\Program Files (x86)\MiKTeX 2.9\tex\latex\babel-german\ngerman.ldf"
Language: ngerman 2013/12/13 v2.7 German support for babel (new orthography)

("C:\Program Files (x86)\MiKTeX 2.9\tex\latex\babel-german\ngermanb.ldf"
Language: ngermanb 2013/12/13 v2.7 German support for babel (new orthography)
\l@naustrian = a dialect from \language\l@ngerman 
\l@nswissgerman = a dialect from \language\l@ngerman 
)))
("C:\Program Files (x86)\MiKTeX 2.9\tex\latex\amsmath\amstext.sty"
Package: amstext 2000/06/29 v2.01

("C:\Program Files (x86)\MiKTeX 2.9\tex\latex\amsmath\amsgen.sty"
File: amsgen.sty 1999/11/30 v2.0
\@emptytoks=\toks19
\ex@=\dimen106
))
("C:\Program Files (x86)\MiKTeX 2.9\tex\latex\amsfonts\amsfonts.sty"
Package: amsfonts 2013/01/14 v3.01 Basic AMSFonts support
\symAMSa=\mathgroup4
\symAMSb=\mathgroup5
LaTeX Font Info:    Overwriting math alphabet `\mathfrak' in version `bold'
(Font)                  U/euf/m/n --> U/euf/b/n on input line 106.
)
("C:\Program Files (x86)\MiKTeX 2.9\tex\latex\amsfonts\amssymb.sty"
Package: amssymb 2013/01/14 v3.01 AMS font symbols
)
("C:\Program Files (x86)\MiKTeX 2.9\tex\latex\amsmath\amsmath.sty"
Package: amsmath 2013/01/14 v2.14 AMS math features
\@mathmargin=\skip43

For additional information on amsmath, use the `?' option.
("C:\Program Files (x86)\MiKTeX 2.9\tex\latex\amsmath\amsbsy.sty"
Package: amsbsy 1999/11/29 v1.2d
\pmbraise@=\dimen107
)
("C:\Program Files (x86)\MiKTeX 2.9\tex\latex\amsmath\amsopn.sty"
Package: amsopn 1999/12/14 v2.01 operator names
)
\inf@bad=\count91
LaTeX Info: Redefining \frac on input line 210.
\uproot@=\count92
\leftroot@=\count93
LaTeX Info: Redefining \overline on input line 306.
\classnum@=\count94
\DOTSCASE@=\count95
LaTeX Info: Redefining \ldots on input line 378.
LaTeX Info: Redefining \dots on input line 381.
LaTeX Info: Redefining \cdots on input line 466.
\Mathstrutbox@=\box28
\strutbox@=\box29
\big@size=\dimen108
LaTeX Font Info:    Redeclaring font encoding OML on input line 566.
LaTeX Font Info:    Redeclaring font encoding OMS on input line 567.
\macc@depth=\count96
\c@MaxMatrixCols=\count97
\dotsspace@=\muskip10
\c@parentequation=\count98
\dspbrk@lvl=\count99
\tag@help=\toks20
\row@=\count100
\column@=\count101
\maxfields@=\count102
\andhelp@=\toks21
\eqnshift@=\dimen109
\alignsep@=\dimen110
\tagshift@=\dimen111
\tagwidth@=\dimen112
\totwidth@=\dimen113
\lineht@=\dimen114
\@envbody=\toks22
\multlinegap=\skip44
\multlinetaggap=\skip45
\mathdisplay@stack=\toks23
LaTeX Info: Redefining \[ on input line 2665.
LaTeX Info: Redefining \] on input line 2666.
)
("C:\Program Files (x86)\MiKTeX 2.9\tex\latex\tools\bm.sty"
Package: bm 2014/10/28 v1.1c Bold Symbol Support (DPC/FMi)
\symboldoperators=\mathgroup6
\symboldletters=\mathgroup7
\symboldsymbols=\mathgroup8
LaTeX Font Info:    Redeclaring math alphabet \mathbf on input line 141.
LaTeX Info: Redefining \bm on input line 207.
)
("C:\Program Files (x86)\MiKTeX 2.9\tex\latex\tools\enumerate.sty"
Package: enumerate 2014/10/28 v3.00 enumerate extensions (DPC)
\@enLab=\toks24
)
("C:\Program Files (x86)\MiKTeX 2.9\tex\latex\footmisc\footmisc.sty"
Package: footmisc 2011/06/06 v5.5b a miscellany of footnote facilities
\FN@temptoken=\toks25
\footnotemargin=\dimen115
\c@pp@next@reset=\count103
Package footmisc Info: Declaring symbol style bringhurst on input line 855.
Package footmisc Info: Declaring symbol style chicago on input line 863.
Package footmisc Info: Declaring symbol style wiley on input line 872.
Package footmisc Info: Declaring symbol style lamport-robust on input line 883.

Package footmisc Info: Declaring symbol style lamport* on input line 903.
Package footmisc Info: Declaring symbol style lamport*-robust on input line 924
.
)
("C:\Program Files (x86)\MiKTeX 2.9\tex\latex\tools\array.sty"
Package: array 2014/10/28 v2.4c Tabular extension package (FMi)
\col@sep=\dimen116
\extrarowheight=\dimen117
\NC@list=\toks26
\extratabsurround=\skip46
\backup@length=\skip47
)
("C:\Program Files (x86)\MiKTeX 2.9\tex\latex\algorithms\algorithm.sty"
Package: algorithm 2009/08/24 v0.1 Document Style `algorithm' - floating enviro
nment

("C:\Program Files (x86)\MiKTeX 2.9\tex\latex\base\ifthen.sty"
Package: ifthen 2014/09/29 v1.1c Standard LaTeX ifthen package (DPC)
)
\@float@every@algorithm=\toks27
\c@algorithm=\count104
)
("C:\Program Files (x86)\MiKTeX 2.9\tex\latex\algorithms\algorithmic.sty"
Package: algorithmic 2009/08/24 v0.1 Document Style `algorithmic'
\c@ALC@unique=\count105
\c@ALC@line=\count106
\c@ALC@rem=\count107
\c@ALC@depth=\count108
\ALC@tlm=\skip48
\algorithmicindent=\skip49
)

! LaTeX Error: File `ntheorem.sty' not found.

Type X to quit or <RETURN> to proceed,
or enter new name. (Default extension: sty)

Enter file name: 
! Emergency stop.
<read *> 
         
l.28 \usepackage
                {theorem}
*** (cannot \read from terminal in nonstop modes)

 
Here is how much of TeX's memory you used:
 2700 strings out of 493671
 34216 string characters out of 3141417
 99821 words of memory out of 3000000
 6030 multiletter control sequences out of 15000+200000
 3938 words of font info for 15 fonts, out of 3000000 for 9000
 1025 hyphenation exceptions out of 8191
 27i,0n,24p,292b,36s stack positions out of 5000i,500n,10000p,200000b,50000s
!  ==> Fatal error occurred, no output PDF file produced!
